Build started 14/06/2015 21:56:33.
     1>Project "C:\Users\User\Desktop\MTenC++\MT5enC++\turing\experiences\experiences.vcxproj" on node 2 (rebuild target(s)).
     1>_PrepareForClean:
         Deleting file "x64\Debug\experiences.lastbuildstate".
       InitializeBuildStatus:
         Creating "x64\Debug\experiences.unsuccessfulbuild" because "AlwaysCreate" was specified.
       ClCompile:
         c:\Program Files (x86)\Microsoft Visual Studio 10.0\VC\bin\x86_amd64\CL.exe /c /Zi /nologo /W3 /WX- /Od /D WIN32 /D _DEBUG /D _CONSOLE /D _UNICODE /D UNICODE /Gm /EHsc /RTC1 /MDd /GS /fp:precise /Zc:wchar_t /Zc:forScope /Fo"x64\Debug\\" /Fd"x64\Debug\vc100.pdb" /Gd /TP /errorReport:prompt version11.cpp
         version11.cpp
     1>version11.cpp(231): warning C4101: 'u' : unreferenced local variable
     1>version11.cpp(231): warning C4101: 'j1' : unreferenced local variable
       Link:
         c:\Program Files (x86)\Microsoft Visual Studio 10.0\VC\bin\x86_amd64\link.exe /ERRORREPORT:PROMPT /OUT:"C:\Users\User\Desktop\MTenC++\MT5enC++\turing\x64\Debug\experiences.exe" /INCREMENTAL:NO /NOLOGO kernel32.lib user32.lib gdi32.lib winspool.lib comdlg32.lib advapi32.lib shell32.lib ole32.lib oleaut32.lib uuid.lib odbc32.lib odbccp32.lib /MANIFEST /ManifestFile:"x64\Debug\experiences.exe.intermediate.manifest" /MANIFESTUAC:"level='asInvoker' uiAccess='false'" /DEBUG /PDB:"C:\Users\User\Desktop\MTenC++\MT5enC++\turing\x64\Debug\experiences.pdb" /SUBSYSTEM:CONSOLE /TLBID:1 /DYNAMICBASE /NXCOMPAT /IMPLIB:"C:\Users\User\Desktop\MTenC++\MT5enC++\turing\x64\Debug\experiences.lib" /MACHINE:X64 x64\Debug\version11.obj
         experiences.vcxproj -> C:\Users\User\Desktop\MTenC++\MT5enC++\turing\x64\Debug\experiences.exe
       Manifest:
         c:\Program Files (x86)\Microsoft SDKs\Windows\v7.0A\bin\mt.exe /nologo /verbose /outputresource:"C:\Users\User\Desktop\MTenC++\MT5enC++\turing\x64\Debug\experiences.exe;#1" /manifest x64\Debug\experiences.exe.intermediate.manifest
       FinalizeBuildStatus:
         Deleting file "x64\Debug\experiences.unsuccessfulbuild".
         Touching "x64\Debug\experiences.lastbuildstate".
     1>Done Building Project "C:\Users\User\Desktop\MTenC++\MT5enC++\turing\experiences\experiences.vcxproj" (rebuild target(s)).

Build succeeded.

Time Elapsed 00:00:00.98
