Build started 17/04/2015 22:18:55.
     1>Project "C:\Users\User\Desktop\MTSenC++\turing\experiences\experiences.vcxproj" on node 2 (build target(s)).
     1>InitializeBuildStatus:
         Creating "x64\Release\experiences.unsuccessfulbuild" because "AlwaysCreate" was specified.
       ClCompile:
         c:\Program Files (x86)\Microsoft Visual Studio 10.0\VC\bin\x86_amd64\CL.exe /c /Zi /nologo /W3 /WX- /O2 /Oi /GL /D WIN32 /D NDEBUG /D _CONSOLE /D _UNICODE /D UNICODE /Gm- /EHsc /MD /GS /Gy /fp:precise /Zc:wchar_t /Zc:forScope /Fo"x64\Release\\" /Fd"x64\Release\vc100.pdb" /Gd /TP /errorReport:prompt version11.cpp
         version11.cpp
     1>version11.cpp(29): warning C4244: '=' : conversion from '__int64' to 'int', possible loss of data
     1>version11.cpp(19): warning C4101: 'return2' : unreferenced local variable
     1>version11.cpp(18): warning C4101: 'u' : unreferenced local variable
     1>version11.cpp(18): warning C4101: 'j1' : unreferenced local variable
       Link:
         c:\Program Files (x86)\Microsoft Visual Studio 10.0\VC\bin\x86_amd64\link.exe /ERRORREPORT:PROMPT /OUT:"C:\Users\User\Desktop\MTSenC++\turing\x64\Release\experiences.exe" /INCREMENTAL:NO /NOLOGO kernel32.lib user32.lib gdi32.lib winspool.lib comdlg32.lib advapi32.lib shell32.lib ole32.lib oleaut32.lib uuid.lib odbc32.lib odbccp32.lib /MANIFEST /ManifestFile:"x64\Release\experiences.exe.intermediate.manifest" /MANIFESTUAC:"level='asInvoker' uiAccess='false'" /DEBUG /PDB:"C:\Users\User\Desktop\MTSenC++\turing\x64\Release\experiences.pdb" /SUBSYSTEM:CONSOLE /OPT:REF /OPT:ICF /LTCG /TLBID:1 /DYNAMICBASE /NXCOMPAT /IMPLIB:"C:\Users\User\Desktop\MTSenC++\turing\x64\Release\experiences.lib" /MACHINE:X64 x64\Release\version11.obj
         Generating code
     1>c:\users\user\desktop\mtsenc++\turing\experiences\version11.cpp(64): warning C4700: uninitialized local variable 'return1' used
         Finished generating code
         experiences.vcxproj -> C:\Users\User\Desktop\MTSenC++\turing\x64\Release\experiences.exe
       Manifest:
         c:\Program Files (x86)\Microsoft SDKs\Windows\v7.0A\bin\mt.exe /nologo /verbose /outputresource:"C:\Users\User\Desktop\MTSenC++\turing\x64\Release\experiences.exe;#1" /manifest x64\Release\experiences.exe.intermediate.manifest
       FinalizeBuildStatus:
         Deleting file "x64\Release\experiences.unsuccessfulbuild".
         Touching "x64\Release\experiences.lastbuildstate".
     1>Done Building Project "C:\Users\User\Desktop\MTSenC++\turing\experiences\experiences.vcxproj" (build target(s)).

Build succeeded.

Time Elapsed 00:00:01.49
