C:\PROJECTS\TURRING\TURING\3STATESCPU\RELEASE\3STATESCPU.EXE.INTERMEDIATE.MANIFEST
C:\PROJECTS\TURRING\TURING\3STATESCPU\RELEASE\MAIN.OBJ
C:\PROJECTS\TURRING\TURING\3STATESCPU\RELEASE\VC100.PDB
C:\PROJECTS\TURRING\TURING\RELEASE\3STATESCPU.EXE
C:\PROJECTS\TURRING\TURING\RELEASE\3STATESCPU.PDB
C:\Users\User\Desktop\newnew_turing\turing\3statesCpu\Release\3statesCpu.exe.intermediate.manifest
C:\Users\User\Desktop\newnew_turing\turing\3statesCpu\Release\3statesCpu.vcxprojResolveAssemblyReference.cache
C:\Users\User\Desktop\newnew_turing\turing\3statesCpu\Release\3statesCpu.write.1.tlog
C:\Users\User\Desktop\newnew_turing\turing\3statesCpu\Release\cl.command.1.tlog
C:\Users\User\Desktop\newnew_turing\turing\3statesCpu\Release\CL.read.1.tlog
C:\Users\User\Desktop\newnew_turing\turing\3statesCpu\Release\CL.write.1.tlog
C:\Users\User\Desktop\newnew_turing\turing\3statesCpu\Release\link.command.1.tlog
C:\Users\User\Desktop\newnew_turing\turing\3statesCpu\Release\link.read.1.tlog
C:\Users\User\Desktop\newnew_turing\turing\3statesCpu\Release\link.write.1.tlog
C:\Users\User\Desktop\newnew_turing\turing\3statesCpu\Release\Main.obj
C:\Users\User\Desktop\newnew_turing\turing\3statesCpu\Release\mt.command.1.tlog
C:\Users\User\Desktop\newnew_turing\turing\3statesCpu\Release\mt.read.1.tlog
C:\Users\User\Desktop\newnew_turing\turing\3statesCpu\Release\mt.write.1.tlog
C:\Users\User\Desktop\newnew_turing\turing\3statesCpu\Release\vc100.pdb
C:\Users\User\Desktop\newnew_turing\turing\Release\3statesCpu.exe
C:\Users\User\Desktop\newnew_turing\turing\Release\3statesCpu.pdb
