Build started 27/01/2015 20:05:51.
     1>Project "C:\Users\User\Desktop\MT4enC++ - Copie\turing\experiences\experiences.vcxproj" on node 2 (build target(s)).
     1>InitializeBuildStatus:
         Creating "Release\experiences.unsuccessfulbuild" because "AlwaysCreate" was specified.
       ClCompile:
         C:\Program Files (x86)\Microsoft Visual Studio 10.0\VC\bin\CL.exe /c /Zi /nologo /W3 /WX- /O2 /Oi /Oy- /GL /D WIN32 /D NDEBUG /D _CONSOLE /D _UNICODE /D UNICODE /Gm- /EHsc /MD /GS /Gy /fp:precise /Zc:wchar_t /Zc:forScope /Fo"Release\\" /Fd"Release\vc100.pdb" /Gd /TP /analyze- /errorReport:prompt version11.cpp
         version11.cpp
     1>version11.cpp(107): warning C4244: 'argument' : conversion from '__int64' to 'unsigned int', possible loss of data
     1>version11.cpp(108): warning C4244: 'argument' : conversion from '__int64' to 'unsigned int', possible loss of data
     1>version11.cpp(74): warning C4101: 'u' : unreferenced local variable
     1>version11.cpp(74): warning C4101: 'j1' : unreferenced local variable
       Link:
         C:\Program Files (x86)\Microsoft Visual Studio 10.0\VC\bin\link.exe /ERRORREPORT:PROMPT /OUT:"C:\Users\User\Desktop\MT4enC++ - Copie\turing\Release\experiences.exe" /INCREMENTAL:NO /NOLOGO kernel32.lib user32.lib gdi32.lib winspool.lib comdlg32.lib advapi32.lib shell32.lib ole32.lib oleaut32.lib uuid.lib odbc32.lib odbccp32.lib /MANIFEST /ManifestFile:"Release\experiences.exe.intermediate.manifest" /MANIFESTUAC:"level='asInvoker' uiAccess='false'" /DEBUG /PDB:"C:\Users\User\Desktop\MT4enC++ - Copie\turing\Release\experiences.pdb" /SUBSYSTEM:CONSOLE /OPT:REF /OPT:ICF /LTCG /TLBID:1 /DYNAMICBASE /NXCOMPAT /IMPLIB:"C:\Users\User\Desktop\MT4enC++ - Copie\turing\Release\experiences.lib" /MACHINE:X86 Release\version11.obj
         Generating code
         Finished generating code
         experiences.vcxproj -> C:\Users\User\Desktop\MT4enC++ - Copie\turing\Release\experiences.exe
       Manifest:
         c:\Program Files (x86)\Microsoft SDKs\Windows\v7.0A\bin\mt.exe /nologo /verbose /outputresource:"C:\Users\User\Desktop\MT4enC++ - Copie\turing\Release\experiences.exe;#1" /manifest Release\experiences.exe.intermediate.manifest
       FinalizeBuildStatus:
         Deleting file "Release\experiences.unsuccessfulbuild".
         Touching "Release\experiences.lastbuildstate".
     1>Done Building Project "C:\Users\User\Desktop\MT4enC++ - Copie\turing\experiences\experiences.vcxproj" (build target(s)).

Build succeeded.

Time Elapsed 00:00:00.98
