C:\USERS\USER\DESKTOP\MT5ENC++ - COPIE\TURING\EXP7\X64\RELEASE\EXP7.EXE.INTERMEDIATE.MANIFEST
C:\USERS\USER\DESKTOP\MT5ENC++ - COPIE\TURING\EXP7\X64\RELEASE\VC100.PDB
C:\USERS\USER\DESKTOP\MT5ENC++ - COPIE\TURING\EXP7\X64\RELEASE\VERSION11.OBJ
C:\USERS\USER\DESKTOP\MT5ENC++ - COPIE\TURING\X64\RELEASE\EXP7.EXE
C:\USERS\USER\DESKTOP\MT5ENC++ - COPIE\TURING\X64\RELEASE\EXP7.PDB
C:\Users\User\Desktop\MT5enC++ - parallel - Copie - Copie\turing\exp7\x64\Release\cl.command.1.tlog
C:\Users\User\Desktop\MT5enC++ - parallel - Copie - Copie\turing\exp7\x64\Release\CL.read.1.tlog
C:\Users\User\Desktop\MT5enC++ - parallel - Copie - Copie\turing\exp7\x64\Release\CL.write.1.tlog
C:\Users\User\Desktop\MT5enC++ - parallel - Copie - Copie\turing\exp7\x64\Release\exp7.exe.intermediate.manifest
C:\Users\User\Desktop\MT5enC++ - parallel - Copie - Copie\turing\exp7\x64\Release\exp7.write.1.tlog
C:\Users\User\Desktop\MT5enC++ - parallel - Copie - Copie\turing\exp7\x64\Release\link.command.1.tlog
C:\Users\User\Desktop\MT5enC++ - parallel - Copie - Copie\turing\exp7\x64\Release\link.read.1.tlog
C:\Users\User\Desktop\MT5enC++ - parallel - Copie - Copie\turing\exp7\x64\Release\link.write.1.tlog
C:\Users\User\Desktop\MT5enC++ - parallel - Copie - Copie\turing\exp7\x64\Release\mt.command.1.tlog
C:\Users\User\Desktop\MT5enC++ - parallel - Copie - Copie\turing\exp7\x64\Release\mt.read.1.tlog
C:\Users\User\Desktop\MT5enC++ - parallel - Copie - Copie\turing\exp7\x64\Release\mt.write.1.tlog
C:\Users\User\Desktop\MT5enC++ - parallel - Copie - Copie\turing\exp7\x64\Release\vc100.pdb
C:\Users\User\Desktop\MT5enC++ - parallel - Copie - Copie\turing\exp7\x64\Release\version11.obj
C:\Users\User\Desktop\MT5enC++ - parallel - Copie - Copie\turing\x64\Release\exp7.exe
C:\Users\User\Desktop\MT5enC++ - parallel - Copie - Copie\turing\x64\Release\exp7.pdb
