C:\Users\User\Desktop\MT5enC++ - Copie\turing\experiences\x64\Release\cl.command.1.tlog
C:\Users\User\Desktop\MT5enC++ - Copie\turing\experiences\x64\Release\CL.read.1.tlog
C:\Users\User\Desktop\MT5enC++ - Copie\turing\experiences\x64\Release\CL.write.1.tlog
C:\USERS\USER\DESKTOP\MT5ENC++ - COPIE\TURING\EXPERIENCES\X64\RELEASE\EXPERIENCES.EXE.INTERMEDIATE.MANIFEST
C:\Users\User\Desktop\MT5enC++ - Copie\turing\experiences\x64\Release\experiences.vcxprojResolveAssemblyReference.cache
C:\Users\User\Desktop\MT5enC++ - Copie\turing\experiences\x64\Release\experiences.write.1.tlog
C:\Users\User\Desktop\MT5enC++ - Copie\turing\experiences\x64\Release\link.command.1.tlog
C:\Users\User\Desktop\MT5enC++ - Copie\turing\experiences\x64\Release\link.read.1.tlog
C:\Users\User\Desktop\MT5enC++ - Copie\turing\experiences\x64\Release\link.write.1.tlog
C:\Users\User\Desktop\MT5enC++ - Copie\turing\experiences\x64\Release\mt.command.1.tlog
C:\Users\User\Desktop\MT5enC++ - Copie\turing\experiences\x64\Release\mt.read.1.tlog
C:\Users\User\Desktop\MT5enC++ - Copie\turing\experiences\x64\Release\mt.write.1.tlog
C:\USERS\USER\DESKTOP\MT5ENC++ - COPIE\TURING\EXPERIENCES\X64\RELEASE\VC100.PDB
C:\USERS\USER\DESKTOP\MT5ENC++ - COPIE\TURING\EXPERIENCES\X64\RELEASE\VERSION11.OBJ
C:\USERS\USER\DESKTOP\MT5ENC++ - COPIE\TURING\X64\RELEASE\EXPERIENCES.EXE
C:\USERS\USER\DESKTOP\MT5ENC++ - COPIE\TURING\X64\RELEASE\EXPERIENCES.PDB
C:\USERS\USER\DESKTOP\MT5ENC++\TURING\EXPERIENCES\X64\RELEASE\EXPERIENCES.EXE.INTERMEDIATE.MANIFEST
C:\USERS\USER\DESKTOP\MT5ENC++\TURING\EXPERIENCES\X64\RELEASE\VC100.PDB
C:\USERS\USER\DESKTOP\MT5ENC++\TURING\EXPERIENCES\X64\RELEASE\VERSION11.OBJ
C:\USERS\USER\DESKTOP\MT5ENC++\TURING\X64\RELEASE\EXPERIENCES.EXE
C:\USERS\USER\DESKTOP\MT5ENC++\TURING\X64\RELEASE\EXPERIENCES.PDB
