C:\USERS\USER\DESKTOP\MTENC++\MT5ENC++ - PARALLELDE2024APLUS\TURING\EXP1\X64\RELEASE\EXP1.EXE.INTERMEDIATE.MANIFEST
C:\USERS\USER\DESKTOP\MTENC++\MT5ENC++ - PARALLELDE2024APLUS\TURING\EXP1\X64\RELEASE\VC100.PDB
C:\USERS\USER\DESKTOP\MTENC++\MT5ENC++ - PARALLELDE2024APLUS\TURING\EXP1\X64\RELEASE\VERSION11.OBJ
C:\USERS\USER\DESKTOP\MTENC++\MT5ENC++ - PARALLELDE2024APLUS\TURING\X64\RELEASE\EXP1.EXE
C:\USERS\USER\DESKTOP\MTENC++\MT5ENC++ - PARALLELDE2024APLUS\TURING\X64\RELEASE\EXP1.PDB
C:\Users\User\Desktop\Turing_Machines\LaboTuring\MTenC++\MT5enC++ - parallelde2024aplus\turing\exp1\x64\Release\cl.command.1.tlog
C:\Users\User\Desktop\Turing_Machines\LaboTuring\MTenC++\MT5enC++ - parallelde2024aplus\turing\exp1\x64\Release\CL.read.1.tlog
C:\Users\User\Desktop\Turing_Machines\LaboTuring\MTenC++\MT5enC++ - parallelde2024aplus\turing\exp1\x64\Release\CL.write.1.tlog
C:\Users\User\Desktop\Turing_Machines\LaboTuring\MTenC++\MT5enC++ - parallelde2024aplus\turing\exp1\x64\Release\exp1.exe.intermediate.manifest
C:\Users\User\Desktop\Turing_Machines\LaboTuring\MTenC++\MT5enC++ - parallelde2024aplus\turing\exp1\x64\Release\exp1.vcxprojResolveAssemblyReference.cache
C:\Users\User\Desktop\Turing_Machines\LaboTuring\MTenC++\MT5enC++ - parallelde2024aplus\turing\exp1\x64\Release\exp1.write.1.tlog
C:\Users\User\Desktop\Turing_Machines\LaboTuring\MTenC++\MT5enC++ - parallelde2024aplus\turing\exp1\x64\Release\link.command.1.tlog
C:\Users\User\Desktop\Turing_Machines\LaboTuring\MTenC++\MT5enC++ - parallelde2024aplus\turing\exp1\x64\Release\link.read.1.tlog
C:\Users\User\Desktop\Turing_Machines\LaboTuring\MTenC++\MT5enC++ - parallelde2024aplus\turing\exp1\x64\Release\link.write.1.tlog
C:\Users\User\Desktop\Turing_Machines\LaboTuring\MTenC++\MT5enC++ - parallelde2024aplus\turing\exp1\x64\Release\mt.command.1.tlog
C:\Users\User\Desktop\Turing_Machines\LaboTuring\MTenC++\MT5enC++ - parallelde2024aplus\turing\exp1\x64\Release\mt.read.1.tlog
C:\Users\User\Desktop\Turing_Machines\LaboTuring\MTenC++\MT5enC++ - parallelde2024aplus\turing\exp1\x64\Release\mt.write.1.tlog
C:\Users\User\Desktop\Turing_Machines\LaboTuring\MTenC++\MT5enC++ - parallelde2024aplus\turing\exp1\x64\Release\vc100.pdb
C:\Users\User\Desktop\Turing_Machines\LaboTuring\MTenC++\MT5enC++ - parallelde2024aplus\turing\exp1\x64\Release\version11.obj
C:\Users\User\Desktop\Turing_Machines\LaboTuring\MTenC++\MT5enC++ - parallelde2024aplus\turing\x64\Release\exp1.exe
C:\Users\User\Desktop\Turing_Machines\LaboTuring\MTenC++\MT5enC++ - parallelde2024aplus\turing\x64\Release\exp1.pdb
