Build started 4/11/2014 23:59:55.
     1>Project "C:\Users\User\Desktop\essaisC++\laboratoire\pgm1\pgm1.vcxproj" on node 2 (build target(s)).
     1>InitializeBuildStatus:
         Creating "Release\pgm1.unsuccessfulbuild" because "AlwaysCreate" was specified.
       ClCompile:
         c:\Program Files (x86)\Microsoft Visual Studio 10.0\VC\bin\CL.exe /c /Zi /nologo /W3 /WX- /O2 /Oi /Oy- /GL /D WIN32 /D NDEBUG /D _CONSOLE /D _UNICODE /D UNICODE /Gm- /EHsc /MD /GS /Gy /fp:precise /Zc:wchar_t /Zc:forScope /Fo"Release\\" /Fd"Release\vc100.pdb" /Gd /TP /analyze- /errorReport:prompt trial1.cpp
         trial1.cpp
       Link:
         c:\Program Files (x86)\Microsoft Visual Studio 10.0\VC\bin\link.exe /ERRORREPORT:PROMPT /OUT:"C:\Users\User\Desktop\essaisC++\laboratoire\Release\pgm1.exe" /INCREMENTAL:NO /NOLOGO kernel32.lib user32.lib gdi32.lib winspool.lib comdlg32.lib advapi32.lib shell32.lib ole32.lib oleaut32.lib uuid.lib odbc32.lib odbccp32.lib /MANIFEST /ManifestFile:"Release\pgm1.exe.intermediate.manifest" /MANIFESTUAC:"level='asInvoker' uiAccess='false'" /DEBUG /PDB:"C:\Users\User\Desktop\essaisC++\laboratoire\Release\pgm1.pdb" /SUBSYSTEM:CONSOLE /OPT:REF /OPT:ICF /LTCG /TLBID:1 /DYNAMICBASE /NXCOMPAT /IMPLIB:"C:\Users\User\Desktop\essaisC++\laboratoire\Release\pgm1.lib" /MACHINE:X86 Release\trial1.obj
         Generating code
         Finished generating code
         pgm1.vcxproj -> C:\Users\User\Desktop\essaisC++\laboratoire\Release\pgm1.exe
       Manifest:
         c:\Program Files (x86)\Microsoft SDKs\Windows\v7.0A\bin\mt.exe /nologo /verbose /outputresource:"C:\Users\User\Desktop\essaisC++\laboratoire\Release\pgm1.exe;#1" /manifest Release\pgm1.exe.intermediate.manifest
       FinalizeBuildStatus:
         Deleting file "Release\pgm1.unsuccessfulbuild".
         Touching "Release\pgm1.lastbuildstate".
     1>Done Building Project "C:\Users\User\Desktop\essaisC++\laboratoire\pgm1\pgm1.vcxproj" (build target(s)).

Build succeeded.

Time Elapsed 00:00:01.04
