C:\PROJECTS\TURRING\TURING\4STATESCPU\RELEASE\4STATESCPU.EXE.INTERMEDIATE.MANIFEST
C:\PROJECTS\TURRING\TURING\4STATESCPU\RELEASE\MT4.OBJ
C:\PROJECTS\TURRING\TURING\4STATESCPU\RELEASE\VC100.PDB
C:\PROJECTS\TURRING\TURING\RELEASE\4STATESCPU.EXE
C:\PROJECTS\TURRING\TURING\RELEASE\4STATESCPU.PDB
C:\USERS\USER\DESKTOP\NEWNEW_TURING\TURING\4STATESCPU\RELEASE\4STATESCPU.EXE.INTERMEDIATE.MANIFEST
C:\Users\User\Desktop\newnew_turing\turing\4statesCpu\Release\4statesCpu.vcxprojResolveAssemblyReference.cache
C:\Users\User\Desktop\newnew_turing\turing\4statesCpu\Release\4statesCpu.write.1.tlog
C:\Users\User\Desktop\newnew_turing\turing\4statesCpu\Release\cl.command.1.tlog
C:\Users\User\Desktop\newnew_turing\turing\4statesCpu\Release\CL.read.1.tlog
C:\Users\User\Desktop\newnew_turing\turing\4statesCpu\Release\CL.write.1.tlog
C:\Users\User\Desktop\newnew_turing\turing\4statesCpu\Release\link.command.1.tlog
C:\Users\User\Desktop\newnew_turing\turing\4statesCpu\Release\link.read.1.tlog
C:\Users\User\Desktop\newnew_turing\turing\4statesCpu\Release\link.write.1.tlog
C:\Users\User\Desktop\newnew_turing\turing\4statesCpu\Release\mt.command.1.tlog
C:\Users\User\Desktop\newnew_turing\turing\4statesCpu\Release\mt.read.1.tlog
C:\Users\User\Desktop\newnew_turing\turing\4statesCpu\Release\mt.write.1.tlog
C:\Users\User\Desktop\newnew_turing\turing\4statesCpu\Release\Mt4.obj
C:\Users\User\Desktop\newnew_turing\turing\4statesCpu\Release\vc100.pdb
C:\USERS\USER\DESKTOP\NEWNEW_TURING\TURING\RELEASE\4STATESCPU.EXE
C:\USERS\USER\DESKTOP\NEWNEW_TURING\TURING\RELEASE\4STATESCPU.PDB
